<?xml version="1.0" encoding="UTF-8"?>
<!-- Generated by org.testng.reporters.JUnitReportReporter -->
<testsuite hostname="himani3145348" name="Comments.posts.cases.Test_IT" tests="1" failures="0" timestamp="1 Jan 2020 16:34:05 GMT" time="0.002" errors="0">
  <testcase name="test" time="0.002" classname="Comments.posts.cases.Test_IT"/>
</testsuite> <!-- Comments.posts.cases.Test_IT -->
